0 info it worked if it ends with ok
1 verbose cli [ 'node', '/usr/local/bin/npm', 'install' ]
2 info using npm@1.2.11
3 info using node@v0.8.21
4 verbose read json /Users/Yikyung/mysites/WordPress/package.json
5 error install Couldn't read dependencies
6 error Error: ENOENT, open '/Users/Yikyung/mysites/WordPress/package.json'
7 error If you need help, you may report this log at:
7 error     <http://github.com/isaacs/npm/issues>
7 error or email it to:
7 error     <npm-@googlegroups.com>
8 error System Darwin 11.4.2
9 error command "node" "/usr/local/bin/npm" "install"
10 error cwd /Users/Yikyung/mysites/WordPress
11 error node -v v0.8.21
12 error npm -v 1.2.11
13 error path /Users/Yikyung/mysites/WordPress/package.json
14 error code ENOENT
15 error errno 34
16 verbose exit [ 34, true ]
